<?xml version="1.0" encoding="UTF-8"?>
<!-- Generated by org.testng.reporters.JUnitReportReporter -->
<testsuite hostname="DESKTOP-JEVDLHC" failures="0" tests="1" name="testCases.ReviewPageTest" time="8.560" errors="0" timestamp="2021-06-14T11:39:02 IST" skipped="0">
  <testcase classname="testCases.ReviewPageTest" name="ratingReviewTest" time="8.560"/>
  <system-out/>
</testsuite> <!-- testCases.ReviewPageTest -->
