<?xml version="1.0" encoding="UTF-8"?>
<!-- Generated by org.testng.reporters.JUnitReportReporter -->
<testsuite hostname="DESKTOP-JEVDLHC" failures="0" tests="1" name="testCases.HomePageSearchTest" time="6.140" errors="0" timestamp="2021-06-14T11:39:02 IST" skipped="0">
  <testcase classname="testCases.HomePageSearchTest" name="searchTest" time="6.140"/>
  <system-out/>
</testsuite> <!-- testCases.HomePageSearchTest -->
