<?xml version="1.0" encoding="UTF-8"?>
<!-- Generated by org.testng.reporters.JUnitReportReporter -->
<testsuite hostname="DESKTOP-JEVDLHC" failures="0" tests="1" name="testCases.SearchResPageTest" time="8.237" errors="0" timestamp="2021-06-14T11:39:02 IST" skipped="0">
  <testcase classname="testCases.SearchResPageTest" name="writereviewClickTest" time="8.237"/>
  <system-out/>
</testsuite> <!-- testCases.SearchResPageTest -->
